<?xml version="1.0" encoding="UTF-8"?>
<testng-results skipped="0" failed="0" total="1" passed="1">
  <reporter-output>
  </reporter-output>
  <suite name="Suite" duration-ms="11797" started-at="2017-03-19T07:07:43Z" finished-at="2017-03-19T07:07:55Z">
    <groups>
    </groups>
    <test name="Test" duration-ms="11797" started-at="2017-03-19T07:07:43Z" finished-at="2017-03-19T07:07:55Z">
      <class name="com.test.selenium.GmailLoginTest">
        <test-method status="PASS" signature="logintest()[pri:0, instance:com.test.selenium.GmailLoginTest@ae45eb6]" name="logintest" duration-ms="11770" started-at="2017-03-19T12:37:43Z" finished-at="2017-03-19T12:37:55Z">
          <reporter-output>
          </reporter-output>
        </test-method> <!-- logintest -->
      </class> <!-- com.test.selenium.GmailLoginTest -->
    </test> <!-- Test -->
  </suite> <!-- Suite -->
</testng-results>
